 =======================================================
 ============== Printing Statistics [id:0]==============
   Total Return Transactions : 0 (0 bytes) aggregate average bandwidth 0.000GB/s
      -Rank   0 : 
        -Reads  : 0 (0 bytes)
        -Writes : 0 (0 bytes)
        -Bandwidth / Latency  (Bank 0): 0.000 GB/s		-nan ns
        -Bandwidth / Latency  (Bank 1): 0.000 GB/s		-nan ns
        -Bandwidth / Latency  (Bank 2): 0.000 GB/s		-nan ns
        -Bandwidth / Latency  (Bank 3): 0.000 GB/s		-nan ns
        -Bandwidth / Latency  (Bank 4): 0.000 GB/s		-nan ns
        -Bandwidth / Latency  (Bank 5): 0.000 GB/s		-nan ns
        -Bandwidth / Latency  (Bank 6): 0.000 GB/s		-nan ns
        -Bandwidth / Latency  (Bank 7): 0.000 GB/s		-nan ns
 == Power Data for Rank        0
   Average Power (watts)     : 0.000
     -Background (watts)     : 0.000
     -Act/Pre    (watts)     : 0.000
     -Burst      (watts)     : 0.000
     -Refresh    (watts)     : 0.000
      -Rank   1 : 
        -Reads  : 0 (0 bytes)
        -Writes : 0 (0 bytes)
        -Bandwidth / Latency  (Bank 0): 0.000 GB/s		-nan ns
        -Bandwidth / Latency  (Bank 1): 0.000 GB/s		-nan ns
        -Bandwidth / Latency  (Bank 2): 0.000 GB/s		-nan ns
        -Bandwidth / Latency  (Bank 3): 0.000 GB/s		-nan ns
        -Bandwidth / Latency  (Bank 4): 0.000 GB/s		-nan ns
        -Bandwidth / Latency  (Bank 5): 0.000 GB/s		-nan ns
        -Bandwidth / Latency  (Bank 6): 0.000 GB/s		-nan ns
        -Bandwidth / Latency  (Bank 7): 0.000 GB/s		-nan ns
 == Power Data for Rank        1
   Average Power (watts)     : 0.000
     -Background (watts)     : 0.000
     -Act/Pre    (watts)     : 0.000
     -Burst      (watts)     : 0.000
     -Refresh    (watts)     : 0.000
      -Rank   2 : 
        -Reads  : 0 (0 bytes)
        -Writes : 0 (0 bytes)
        -Bandwidth / Latency  (Bank 0): 0.000 GB/s		-nan ns
        -Bandwidth / Latency  (Bank 1): 0.000 GB/s		-nan ns
        -Bandwidth / Latency  (Bank 2): 0.000 GB/s		-nan ns
        -Bandwidth / Latency  (Bank 3): 0.000 GB/s		-nan ns
        -Bandwidth / Latency  (Bank 4): 0.000 GB/s		-nan ns
        -Bandwidth / Latency  (Bank 5): 0.000 GB/s		-nan ns
        -Bandwidth / Latency  (Bank 6): 0.000 GB/s		-nan ns
        -Bandwidth / Latency  (Bank 7): 0.000 GB/s		-nan ns
 == Power Data for Rank        2
   Average Power (watts)     : 0.000
     -Background (watts)     : 0.000
     -Act/Pre    (watts)     : 0.000
     -Burst      (watts)     : 0.000
     -Refresh    (watts)     : 0.000
      -Rank   3 : 
        -Reads  : 0 (0 bytes)
        -Writes : 0 (0 bytes)
        -Bandwidth / Latency  (Bank 0): 0.000 GB/s		-nan ns
        -Bandwidth / Latency  (Bank 1): 0.000 GB/s		-nan ns
        -Bandwidth / Latency  (Bank 2): 0.000 GB/s		-nan ns
        -Bandwidth / Latency  (Bank 3): 0.000 GB/s		-nan ns
        -Bandwidth / Latency  (Bank 4): 0.000 GB/s		-nan ns
        -Bandwidth / Latency  (Bank 5): 0.000 GB/s		-nan ns
        -Bandwidth / Latency  (Bank 6): 0.000 GB/s		-nan ns
        -Bandwidth / Latency  (Bank 7): 0.000 GB/s		-nan ns
 == Power Data for Rank        3
   Average Power (watts)     : 0.000
     -Background (watts)     : 0.000
     -Act/Pre    (watts)     : 0.000
     -Burst      (watts)     : 0.000
     -Refresh    (watts)     : 0.000
      -Rank   4 : 
        -Reads  : 0 (0 bytes)
        -Writes : 0 (0 bytes)
        -Bandwidth / Latency  (Bank 0): 0.000 GB/s		-nan ns
        -Bandwidth / Latency  (Bank 1): 0.000 GB/s		-nan ns
        -Bandwidth / Latency  (Bank 2): 0.000 GB/s		-nan ns
        -Bandwidth / Latency  (Bank 3): 0.000 GB/s		-nan ns
        -Bandwidth / Latency  (Bank 4): 0.000 GB/s		-nan ns
        -Bandwidth / Latency  (Bank 5): 0.000 GB/s		-nan ns
        -Bandwidth / Latency  (Bank 6): 0.000 GB/s		-nan ns
        -Bandwidth / Latency  (Bank 7): 0.000 GB/s		-nan ns
 == Power Data for Rank        4
   Average Power (watts)     : 0.000
     -Background (watts)     : 0.000
     -Act/Pre    (watts)     : 0.000
     -Burst      (watts)     : 0.000
     -Refresh    (watts)     : 0.000
      -Rank   5 : 
        -Reads  : 0 (0 bytes)
        -Writes : 0 (0 bytes)
        -Bandwidth / Latency  (Bank 0): 0.000 GB/s		-nan ns
        -Bandwidth / Latency  (Bank 1): 0.000 GB/s		-nan ns
        -Bandwidth / Latency  (Bank 2): 0.000 GB/s		-nan ns
        -Bandwidth / Latency  (Bank 3): 0.000 GB/s		-nan ns
        -Bandwidth / Latency  (Bank 4): 0.000 GB/s		-nan ns
        -Bandwidth / Latency  (Bank 5): 0.000 GB/s		-nan ns
        -Bandwidth / Latency  (Bank 6): 0.000 GB/s		-nan ns
        -Bandwidth / Latency  (Bank 7): 0.000 GB/s		-nan ns
 == Power Data for Rank        5
   Average Power (watts)     : 0.000
     -Background (watts)     : 0.000
     -Act/Pre    (watts)     : 0.000
     -Burst      (watts)     : 0.000
     -Refresh    (watts)     : 0.000
      -Rank   6 : 
        -Reads  : 0 (0 bytes)
        -Writes : 0 (0 bytes)
        -Bandwidth / Latency  (Bank 0): 0.000 GB/s		-nan ns
        -Bandwidth / Latency  (Bank 1): 0.000 GB/s		-nan ns
        -Bandwidth / Latency  (Bank 2): 0.000 GB/s		-nan ns
        -Bandwidth / Latency  (Bank 3): 0.000 GB/s		-nan ns
        -Bandwidth / Latency  (Bank 4): 0.000 GB/s		-nan ns
        -Bandwidth / Latency  (Bank 5): 0.000 GB/s		-nan ns
        -Bandwidth / Latency  (Bank 6): 0.000 GB/s		-nan ns
        -Bandwidth / Latency  (Bank 7): 0.000 GB/s		-nan ns
 == Power Data for Rank        6
   Average Power (watts)     : 0.000
     -Background (watts)     : 0.000
     -Act/Pre    (watts)     : 0.000
     -Burst      (watts)     : 0.000
     -Refresh    (watts)     : 0.000
      -Rank   7 : 
        -Reads  : 0 (0 bytes)
        -Writes : 0 (0 bytes)
        -Bandwidth / Latency  (Bank 0): 0.000 GB/s		-nan ns
        -Bandwidth / Latency  (Bank 1): 0.000 GB/s		-nan ns
        -Bandwidth / Latency  (Bank 2): 0.000 GB/s		-nan ns
        -Bandwidth / Latency  (Bank 3): 0.000 GB/s		-nan ns
        -Bandwidth / Latency  (Bank 4): 0.000 GB/s		-nan ns
        -Bandwidth / Latency  (Bank 5): 0.000 GB/s		-nan ns
        -Bandwidth / Latency  (Bank 6): 0.000 GB/s		-nan ns
        -Bandwidth / Latency  (Bank 7): 0.000 GB/s		-nan ns
 == Power Data for Rank        7
   Average Power (watts)     : 0.000
     -Background (watts)     : 0.000
     -Act/Pre    (watts)     : 0.000
     -Burst      (watts)     : 0.000
     -Refresh    (watts)     : 0.000
      -Rank   8 : 
        -Reads  : 0 (0 bytes)
        -Writes : 0 (0 bytes)
        -Bandwidth / Latency  (Bank 0): 0.000 GB/s		-nan ns
        -Bandwidth / Latency  (Bank 1): 0.000 GB/s		-nan ns
        -Bandwidth / Latency  (Bank 2): 0.000 GB/s		-nan ns
        -Bandwidth / Latency  (Bank 3): 0.000 GB/s		-nan ns
        -Bandwidth / Latency  (Bank 4): 0.000 GB/s		-nan ns
        -Bandwidth / Latency  (Bank 5): 0.000 GB/s		-nan ns
        -Bandwidth / Latency  (Bank 6): 0.000 GB/s		-nan ns
        -Bandwidth / Latency  (Bank 7): 0.000 GB/s		-nan ns
 == Power Data for Rank        8
   Average Power (watts)     : 0.000
     -Background (watts)     : 0.000
     -Act/Pre    (watts)     : 0.000
     -Burst      (watts)     : 0.000
     -Refresh    (watts)     : 0.000
      -Rank   9 : 
        -Reads  : 0 (0 bytes)
        -Writes : 0 (0 bytes)
        -Bandwidth / Latency  (Bank 0): 0.000 GB/s		-nan ns
        -Bandwidth / Latency  (Bank 1): 0.000 GB/s		-nan ns
        -Bandwidth / Latency  (Bank 2): 0.000 GB/s		-nan ns
        -Bandwidth / Latency  (Bank 3): 0.000 GB/s		-nan ns
        -Bandwidth / Latency  (Bank 4): 0.000 GB/s		-nan ns
        -Bandwidth / Latency  (Bank 5): 0.000 GB/s		-nan ns
        -Bandwidth / Latency  (Bank 6): 0.000 GB/s		-nan ns
        -Bandwidth / Latency  (Bank 7): 0.000 GB/s		-nan ns
 == Power Data for Rank        9
   Average Power (watts)     : 0.000
     -Background (watts)     : 0.000
     -Act/Pre    (watts)     : 0.000
     -Burst      (watts)     : 0.000
     -Refresh    (watts)     : 0.000
      -Rank   10 : 
        -Reads  : 0 (0 bytes)
        -Writes : 0 (0 bytes)
        -Bandwidth / Latency  (Bank 0): 0.000 GB/s		-nan ns
        -Bandwidth / Latency  (Bank 1): 0.000 GB/s		-nan ns
        -Bandwidth / Latency  (Bank 2): 0.000 GB/s		-nan ns
        -Bandwidth / Latency  (Bank 3): 0.000 GB/s		-nan ns
        -Bandwidth / Latency  (Bank 4): 0.000 GB/s		-nan ns
        -Bandwidth / Latency  (Bank 5): 0.000 GB/s		-nan ns
        -Bandwidth / Latency  (Bank 6): 0.000 GB/s		-nan ns
        -Bandwidth / Latency  (Bank 7): 0.000 GB/s		-nan ns
 == Power Data for Rank        10
   Average Power (watts)     : 0.000
     -Background (watts)     : 0.000
     -Act/Pre    (watts)     : 0.000
     -Burst      (watts)     : 0.000
     -Refresh    (watts)     : 0.000
      -Rank   11 : 
        -Reads  : 0 (0 bytes)
        -Writes : 0 (0 bytes)
        -Bandwidth / Latency  (Bank 0): 0.000 GB/s		-nan ns
        -Bandwidth / Latency  (Bank 1): 0.000 GB/s		-nan ns
        -Bandwidth / Latency  (Bank 2): 0.000 GB/s		-nan ns
        -Bandwidth / Latency  (Bank 3): 0.000 GB/s		-nan ns
        -Bandwidth / Latency  (Bank 4): 0.000 GB/s		-nan ns
        -Bandwidth / Latency  (Bank 5): 0.000 GB/s		-nan ns
        -Bandwidth / Latency  (Bank 6): 0.000 GB/s		-nan ns
        -Bandwidth / Latency  (Bank 7): 0.000 GB/s		-nan ns
 == Power Data for Rank        11
   Average Power (watts)     : 0.000
     -Background (watts)     : 0.000
     -Act/Pre    (watts)     : 0.000
     -Burst      (watts)     : 0.000
     -Refresh    (watts)     : 0.000
      -Rank   12 : 
        -Reads  : 0 (0 bytes)
        -Writes : 0 (0 bytes)
        -Bandwidth / Latency  (Bank 0): 0.000 GB/s		-nan ns
        -Bandwidth / Latency  (Bank 1): 0.000 GB/s		-nan ns
        -Bandwidth / Latency  (Bank 2): 0.000 GB/s		-nan ns
        -Bandwidth / Latency  (Bank 3): 0.000 GB/s		-nan ns
        -Bandwidth / Latency  (Bank 4): 0.000 GB/s		-nan ns
        -Bandwidth / Latency  (Bank 5): 0.000 GB/s		-nan ns
        -Bandwidth / Latency  (Bank 6): 0.000 GB/s		-nan ns
        -Bandwidth / Latency  (Bank 7): 0.000 GB/s		-nan ns
 == Power Data for Rank        12
   Average Power (watts)     : 0.000
     -Background (watts)     : 0.000
     -Act/Pre    (watts)     : 0.000
     -Burst      (watts)     : 0.000
     -Refresh    (watts)     : 0.000
      -Rank   13 : 
        -Reads  : 0 (0 bytes)
        -Writes : 0 (0 bytes)
        -Bandwidth / Latency  (Bank 0): 0.000 GB/s		-nan ns
        -Bandwidth / Latency  (Bank 1): 0.000 GB/s		-nan ns
        -Bandwidth / Latency  (Bank 2): 0.000 GB/s		-nan ns
        -Bandwidth / Latency  (Bank 3): 0.000 GB/s		-nan ns
        -Bandwidth / Latency  (Bank 4): 0.000 GB/s		-nan ns
        -Bandwidth / Latency  (Bank 5): 0.000 GB/s		-nan ns
        -Bandwidth / Latency  (Bank 6): 0.000 GB/s		-nan ns
        -Bandwidth / Latency  (Bank 7): 0.000 GB/s		-nan ns
 == Power Data for Rank        13
   Average Power (watts)     : 0.000
     -Background (watts)     : 0.000
     -Act/Pre    (watts)     : 0.000
     -Burst      (watts)     : 0.000
     -Refresh    (watts)     : 0.000
      -Rank   14 : 
        -Reads  : 0 (0 bytes)
        -Writes : 0 (0 bytes)
        -Bandwidth / Latency  (Bank 0): 0.000 GB/s		-nan ns
        -Bandwidth / Latency  (Bank 1): 0.000 GB/s		-nan ns
        -Bandwidth / Latency  (Bank 2): 0.000 GB/s		-nan ns
        -Bandwidth / Latency  (Bank 3): 0.000 GB/s		-nan ns
        -Bandwidth / Latency  (Bank 4): 0.000 GB/s		-nan ns
        -Bandwidth / Latency  (Bank 5): 0.000 GB/s		-nan ns
        -Bandwidth / Latency  (Bank 6): 0.000 GB/s		-nan ns
        -Bandwidth / Latency  (Bank 7): 0.000 GB/s		-nan ns
 == Power Data for Rank        14
   Average Power (watts)     : 0.000
     -Background (watts)     : 0.000
     -Act/Pre    (watts)     : 0.000
     -Burst      (watts)     : 0.000
     -Refresh    (watts)     : 0.000
      -Rank   15 : 
        -Reads  : 0 (0 bytes)
        -Writes : 0 (0 bytes)
        -Bandwidth / Latency  (Bank 0): 0.000 GB/s		-nan ns
        -Bandwidth / Latency  (Bank 1): 0.000 GB/s		-nan ns
        -Bandwidth / Latency  (Bank 2): 0.000 GB/s		-nan ns
        -Bandwidth / Latency  (Bank 3): 0.000 GB/s		-nan ns
        -Bandwidth / Latency  (Bank 4): 0.000 GB/s		-nan ns
        -Bandwidth / Latency  (Bank 5): 0.000 GB/s		-nan ns
        -Bandwidth / Latency  (Bank 6): 0.000 GB/s		-nan ns
        -Bandwidth / Latency  (Bank 7): 0.000 GB/s		-nan ns
 == Power Data for Rank        15
   Average Power (watts)     : 0.000
     -Background (watts)     : 0.000
     -Act/Pre    (watts)     : 0.000
     -Burst      (watts)     : 0.000
     -Refresh    (watts)     : 0.000

 == Pending Transactions : 0 (0)==
==== Channel [0] ====
 =======================================================
 ============== Printing Statistics [id:0]==============
   Total Return Transactions : 3 (96 bytes) aggregate average bandwidth 0.596GB/s
      -Rank   0 : 
        -Reads  : 2 (64 bytes)
        -Writes : 1 (32 bytes)
        -Bandwidth / Latency  (Bank 0): 0.596 GB/s		63.000 ns
        -Bandwidth / Latency  (Bank 1): 0.000 GB/s		-nan ns
        -Bandwidth / Latency  (Bank 2): 0.000 GB/s		-nan ns
        -Bandwidth / Latency  (Bank 3): 0.000 GB/s		-nan ns
        -Bandwidth / Latency  (Bank 4): 0.000 GB/s		-nan ns
        -Bandwidth / Latency  (Bank 5): 0.000 GB/s		-nan ns
        -Bandwidth / Latency  (Bank 6): 0.000 GB/s		-nan ns
        -Bandwidth / Latency  (Bank 7): 0.000 GB/s		-nan ns
 == Power Data for Rank        0
   Average Power (watts)     : 1.410
     -Background (watts)     : 0.753
     -Act/Pre    (watts)     : 0.518
     -Burst      (watts)     : 0.138
     -Refresh    (watts)     : 0.000
      -Rank   1 : 
        -Reads  : 0 (0 bytes)
        -Writes : 0 (0 bytes)
        -Bandwidth / Latency  (Bank 0): 0.000 GB/s		-nan ns
        -Bandwidth / Latency  (Bank 1): 0.000 GB/s		-nan ns
        -Bandwidth / Latency  (Bank 2): 0.000 GB/s		-nan ns
        -Bandwidth / Latency  (Bank 3): 0.000 GB/s		-nan ns
        -Bandwidth / Latency  (Bank 4): 0.000 GB/s		-nan ns
        -Bandwidth / Latency  (Bank 5): 0.000 GB/s		-nan ns
        -Bandwidth / Latency  (Bank 6): 0.000 GB/s		-nan ns
        -Bandwidth / Latency  (Bank 7): 0.000 GB/s		-nan ns
 == Power Data for Rank        1
   Average Power (watts)     : 0.101
     -Background (watts)     : 0.101
     -Act/Pre    (watts)     : 0.000
     -Burst      (watts)     : 0.000
     -Refresh    (watts)     : 0.000
      -Rank   2 : 
        -Reads  : 0 (0 bytes)
        -Writes : 0 (0 bytes)
        -Bandwidth / Latency  (Bank 0): 0.000 GB/s		-nan ns
        -Bandwidth / Latency  (Bank 1): 0.000 GB/s		-nan ns
        -Bandwidth / Latency  (Bank 2): 0.000 GB/s		-nan ns
        -Bandwidth / Latency  (Bank 3): 0.000 GB/s		-nan ns
        -Bandwidth / Latency  (Bank 4): 0.000 GB/s		-nan ns
        -Bandwidth / Latency  (Bank 5): 0.000 GB/s		-nan ns
        -Bandwidth / Latency  (Bank 6): 0.000 GB/s		-nan ns
        -Bandwidth / Latency  (Bank 7): 0.000 GB/s		-nan ns
 == Power Data for Rank        2
   Average Power (watts)     : 0.101
     -Background (watts)     : 0.101
     -Act/Pre    (watts)     : 0.000
     -Burst      (watts)     : 0.000
     -Refresh    (watts)     : 0.000
      -Rank   3 : 
        -Reads  : 0 (0 bytes)
        -Writes : 0 (0 bytes)
        -Bandwidth / Latency  (Bank 0): 0.000 GB/s		-nan ns
        -Bandwidth / Latency  (Bank 1): 0.000 GB/s		-nan ns
        -Bandwidth / Latency  (Bank 2): 0.000 GB/s		-nan ns
        -Bandwidth / Latency  (Bank 3): 0.000 GB/s		-nan ns
        -Bandwidth / Latency  (Bank 4): 0.000 GB/s		-nan ns
        -Bandwidth / Latency  (Bank 5): 0.000 GB/s		-nan ns
        -Bandwidth / Latency  (Bank 6): 0.000 GB/s		-nan ns
        -Bandwidth / Latency  (Bank 7): 0.000 GB/s		-nan ns
 == Power Data for Rank        3
   Average Power (watts)     : 0.101
     -Background (watts)     : 0.101
     -Act/Pre    (watts)     : 0.000
     -Burst      (watts)     : 0.000
     -Refresh    (watts)     : 0.000
      -Rank   4 : 
        -Reads  : 0 (0 bytes)
        -Writes : 0 (0 bytes)
        -Bandwidth / Latency  (Bank 0): 0.000 GB/s		-nan ns
        -Bandwidth / Latency  (Bank 1): 0.000 GB/s		-nan ns
        -Bandwidth / Latency  (Bank 2): 0.000 GB/s		-nan ns
        -Bandwidth / Latency  (Bank 3): 0.000 GB/s		-nan ns
        -Bandwidth / Latency  (Bank 4): 0.000 GB/s		-nan ns
        -Bandwidth / Latency  (Bank 5): 0.000 GB/s		-nan ns
        -Bandwidth / Latency  (Bank 6): 0.000 GB/s		-nan ns
        -Bandwidth / Latency  (Bank 7): 0.000 GB/s		-nan ns
 == Power Data for Rank        4
   Average Power (watts)     : 0.101
     -Background (watts)     : 0.101
     -Act/Pre    (watts)     : 0.000
     -Burst      (watts)     : 0.000
     -Refresh    (watts)     : 0.000
      -Rank   5 : 
        -Reads  : 0 (0 bytes)
        -Writes : 0 (0 bytes)
        -Bandwidth / Latency  (Bank 0): 0.000 GB/s		-nan ns
        -Bandwidth / Latency  (Bank 1): 0.000 GB/s		-nan ns
        -Bandwidth / Latency  (Bank 2): 0.000 GB/s		-nan ns
        -Bandwidth / Latency  (Bank 3): 0.000 GB/s		-nan ns
        -Bandwidth / Latency  (Bank 4): 0.000 GB/s		-nan ns
        -Bandwidth / Latency  (Bank 5): 0.000 GB/s		-nan ns
        -Bandwidth / Latency  (Bank 6): 0.000 GB/s		-nan ns
        -Bandwidth / Latency  (Bank 7): 0.000 GB/s		-nan ns
 == Power Data for Rank        5
   Average Power (watts)     : 0.101
     -Background (watts)     : 0.101
     -Act/Pre    (watts)     : 0.000
     -Burst      (watts)     : 0.000
     -Refresh    (watts)     : 0.000
      -Rank   6 : 
        -Reads  : 0 (0 bytes)
        -Writes : 0 (0 bytes)
        -Bandwidth / Latency  (Bank 0): 0.000 GB/s		-nan ns
        -Bandwidth / Latency  (Bank 1): 0.000 GB/s		-nan ns
        -Bandwidth / Latency  (Bank 2): 0.000 GB/s		-nan ns
        -Bandwidth / Latency  (Bank 3): 0.000 GB/s		-nan ns
        -Bandwidth / Latency  (Bank 4): 0.000 GB/s		-nan ns
        -Bandwidth / Latency  (Bank 5): 0.000 GB/s		-nan ns
        -Bandwidth / Latency  (Bank 6): 0.000 GB/s		-nan ns
        -Bandwidth / Latency  (Bank 7): 0.000 GB/s		-nan ns
 == Power Data for Rank        6
   Average Power (watts)     : 0.101
     -Background (watts)     : 0.101
     -Act/Pre    (watts)     : 0.000
     -Burst      (watts)     : 0.000
     -Refresh    (watts)     : 0.000
      -Rank   7 : 
        -Reads  : 0 (0 bytes)
        -Writes : 0 (0 bytes)
        -Bandwidth / Latency  (Bank 0): 0.000 GB/s		-nan ns
        -Bandwidth / Latency  (Bank 1): 0.000 GB/s		-nan ns
        -Bandwidth / Latency  (Bank 2): 0.000 GB/s		-nan ns
        -Bandwidth / Latency  (Bank 3): 0.000 GB/s		-nan ns
        -Bandwidth / Latency  (Bank 4): 0.000 GB/s		-nan ns
        -Bandwidth / Latency  (Bank 5): 0.000 GB/s		-nan ns
        -Bandwidth / Latency  (Bank 6): 0.000 GB/s		-nan ns
        -Bandwidth / Latency  (Bank 7): 0.000 GB/s		-nan ns
 == Power Data for Rank        7
   Average Power (watts)     : 0.101
     -Background (watts)     : 0.101
     -Act/Pre    (watts)     : 0.000
     -Burst      (watts)     : 0.000
     -Refresh    (watts)     : 0.000
      -Rank   8 : 
        -Reads  : 0 (0 bytes)
        -Writes : 0 (0 bytes)
        -Bandwidth / Latency  (Bank 0): 0.000 GB/s		-nan ns
        -Bandwidth / Latency  (Bank 1): 0.000 GB/s		-nan ns
        -Bandwidth / Latency  (Bank 2): 0.000 GB/s		-nan ns
        -Bandwidth / Latency  (Bank 3): 0.000 GB/s		-nan ns
        -Bandwidth / Latency  (Bank 4): 0.000 GB/s		-nan ns
        -Bandwidth / Latency  (Bank 5): 0.000 GB/s		-nan ns
        -Bandwidth / Latency  (Bank 6): 0.000 GB/s		-nan ns
        -Bandwidth / Latency  (Bank 7): 0.000 GB/s		-nan ns
 == Power Data for Rank        8
   Average Power (watts)     : 0.101
     -Background (watts)     : 0.101
     -Act/Pre    (watts)     : 0.000
     -Burst      (watts)     : 0.000
     -Refresh    (watts)     : 0.000
      -Rank   9 : 
        -Reads  : 0 (0 bytes)
        -Writes : 0 (0 bytes)
        -Bandwidth / Latency  (Bank 0): 0.000 GB/s		-nan ns
        -Bandwidth / Latency  (Bank 1): 0.000 GB/s		-nan ns
        -Bandwidth / Latency  (Bank 2): 0.000 GB/s		-nan ns
        -Bandwidth / Latency  (Bank 3): 0.000 GB/s		-nan ns
        -Bandwidth / Latency  (Bank 4): 0.000 GB/s		-nan ns
        -Bandwidth / Latency  (Bank 5): 0.000 GB/s		-nan ns
        -Bandwidth / Latency  (Bank 6): 0.000 GB/s		-nan ns
        -Bandwidth / Latency  (Bank 7): 0.000 GB/s		-nan ns
 == Power Data for Rank        9
   Average Power (watts)     : 0.101
     -Background (watts)     : 0.101
     -Act/Pre    (watts)     : 0.000
     -Burst      (watts)     : 0.000
     -Refresh    (watts)     : 0.000
      -Rank   10 : 
        -Reads  : 0 (0 bytes)
        -Writes : 0 (0 bytes)
        -Bandwidth / Latency  (Bank 0): 0.000 GB/s		-nan ns
        -Bandwidth / Latency  (Bank 1): 0.000 GB/s		-nan ns
        -Bandwidth / Latency  (Bank 2): 0.000 GB/s		-nan ns
        -Bandwidth / Latency  (Bank 3): 0.000 GB/s		-nan ns
        -Bandwidth / Latency  (Bank 4): 0.000 GB/s		-nan ns
        -Bandwidth / Latency  (Bank 5): 0.000 GB/s		-nan ns
        -Bandwidth / Latency  (Bank 6): 0.000 GB/s		-nan ns
        -Bandwidth / Latency  (Bank 7): 0.000 GB/s		-nan ns
 == Power Data for Rank        10
   Average Power (watts)     : 0.101
     -Background (watts)     : 0.101
     -Act/Pre    (watts)     : 0.000
     -Burst      (watts)     : 0.000
     -Refresh    (watts)     : 0.000
      -Rank   11 : 
        -Reads  : 0 (0 bytes)
        -Writes : 0 (0 bytes)
        -Bandwidth / Latency  (Bank 0): 0.000 GB/s		-nan ns
        -Bandwidth / Latency  (Bank 1): 0.000 GB/s		-nan ns
        -Bandwidth / Latency  (Bank 2): 0.000 GB/s		-nan ns
        -Bandwidth / Latency  (Bank 3): 0.000 GB/s		-nan ns
        -Bandwidth / Latency  (Bank 4): 0.000 GB/s		-nan ns
        -Bandwidth / Latency  (Bank 5): 0.000 GB/s		-nan ns
        -Bandwidth / Latency  (Bank 6): 0.000 GB/s		-nan ns
        -Bandwidth / Latency  (Bank 7): 0.000 GB/s		-nan ns
 == Power Data for Rank        11
   Average Power (watts)     : 0.101
     -Background (watts)     : 0.101
     -Act/Pre    (watts)     : 0.000
     -Burst      (watts)     : 0.000
     -Refresh    (watts)     : 0.000
      -Rank   12 : 
        -Reads  : 0 (0 bytes)
        -Writes : 0 (0 bytes)
        -Bandwidth / Latency  (Bank 0): 0.000 GB/s		-nan ns
        -Bandwidth / Latency  (Bank 1): 0.000 GB/s		-nan ns
        -Bandwidth / Latency  (Bank 2): 0.000 GB/s		-nan ns
        -Bandwidth / Latency  (Bank 3): 0.000 GB/s		-nan ns
        -Bandwidth / Latency  (Bank 4): 0.000 GB/s		-nan ns
        -Bandwidth / Latency  (Bank 5): 0.000 GB/s		-nan ns
        -Bandwidth / Latency  (Bank 6): 0.000 GB/s		-nan ns
        -Bandwidth / Latency  (Bank 7): 0.000 GB/s		-nan ns
 == Power Data for Rank        12
   Average Power (watts)     : 0.101
     -Background (watts)     : 0.101
     -Act/Pre    (watts)     : 0.000
     -Burst      (watts)     : 0.000
     -Refresh    (watts)     : 0.000
      -Rank   13 : 
        -Reads  : 0 (0 bytes)
        -Writes : 0 (0 bytes)
        -Bandwidth / Latency  (Bank 0): 0.000 GB/s		-nan ns
        -Bandwidth / Latency  (Bank 1): 0.000 GB/s		-nan ns
        -Bandwidth / Latency  (Bank 2): 0.000 GB/s		-nan ns
        -Bandwidth / Latency  (Bank 3): 0.000 GB/s		-nan ns
        -Bandwidth / Latency  (Bank 4): 0.000 GB/s		-nan ns
        -Bandwidth / Latency  (Bank 5): 0.000 GB/s		-nan ns
        -Bandwidth / Latency  (Bank 6): 0.000 GB/s		-nan ns
        -Bandwidth / Latency  (Bank 7): 0.000 GB/s		-nan ns
 == Power Data for Rank        13
   Average Power (watts)     : 0.101
     -Background (watts)     : 0.101
     -Act/Pre    (watts)     : 0.000
     -Burst      (watts)     : 0.000
     -Refresh    (watts)     : 0.000
      -Rank   14 : 
        -Reads  : 0 (0 bytes)
        -Writes : 0 (0 bytes)
        -Bandwidth / Latency  (Bank 0): 0.000 GB/s		-nan ns
        -Bandwidth / Latency  (Bank 1): 0.000 GB/s		-nan ns
        -Bandwidth / Latency  (Bank 2): 0.000 GB/s		-nan ns
        -Bandwidth / Latency  (Bank 3): 0.000 GB/s		-nan ns
        -Bandwidth / Latency  (Bank 4): 0.000 GB/s		-nan ns
        -Bandwidth / Latency  (Bank 5): 0.000 GB/s		-nan ns
        -Bandwidth / Latency  (Bank 6): 0.000 GB/s		-nan ns
        -Bandwidth / Latency  (Bank 7): 0.000 GB/s		-nan ns
 == Power Data for Rank        14
   Average Power (watts)     : 0.101
     -Background (watts)     : 0.101
     -Act/Pre    (watts)     : 0.000
     -Burst      (watts)     : 0.000
     -Refresh    (watts)     : 0.000
      -Rank   15 : 
        -Reads  : 0 (0 bytes)
        -Writes : 0 (0 bytes)
        -Bandwidth / Latency  (Bank 0): 0.000 GB/s		-nan ns
        -Bandwidth / Latency  (Bank 1): 0.000 GB/s		-nan ns
        -Bandwidth / Latency  (Bank 2): 0.000 GB/s		-nan ns
        -Bandwidth / Latency  (Bank 3): 0.000 GB/s		-nan ns
        -Bandwidth / Latency  (Bank 4): 0.000 GB/s		-nan ns
        -Bandwidth / Latency  (Bank 5): 0.000 GB/s		-nan ns
        -Bandwidth / Latency  (Bank 6): 0.000 GB/s		-nan ns
        -Bandwidth / Latency  (Bank 7): 0.000 GB/s		-nan ns
 == Power Data for Rank        15
   Average Power (watts)     : 0.101
     -Background (watts)     : 0.101
     -Act/Pre    (watts)     : 0.000
     -Burst      (watts)     : 0.000
     -Refresh    (watts)     : 0.000
 ---  Latency list (2)
       [lat] : #
       [10-19] : 1
       [30-39] : 1

 == Pending Transactions : 0 (50)==
//// Channel [0] ////
==== Channel [0] ====
 =======================================================
 ============== Printing Statistics [id:0]==============
   Total Return Transactions : 6 (192 bytes) aggregate average bandwidth 0.298GB/s
      -Rank   0 : 
        -Reads  : 2 (64 bytes)
        -Writes : 1 (32 bytes)
        -Bandwidth / Latency  (Bank 0): 0.298 GB/s		75.000 ns
        -Bandwidth / Latency  (Bank 1): 0.000 GB/s		-nan ns
        -Bandwidth / Latency  (Bank 2): 0.000 GB/s		-nan ns
        -Bandwidth / Latency  (Bank 3): 0.000 GB/s		-nan ns
        -Bandwidth / Latency  (Bank 4): 0.000 GB/s		-nan ns
        -Bandwidth / Latency  (Bank 5): 0.000 GB/s		-nan ns
        -Bandwidth / Latency  (Bank 6): 0.000 GB/s		-nan ns
        -Bandwidth / Latency  (Bank 7): 0.000 GB/s		-nan ns
 == Power Data for Rank        0
   Average Power (watts)     : 0.698
     -Background (watts)     : 0.370
     -Act/Pre    (watts)     : 0.259
     -Burst      (watts)     : 0.069
     -Refresh    (watts)     : 0.000
      -Rank   1 : 
        -Reads  : 0 (0 bytes)
        -Writes : 0 (0 bytes)
        -Bandwidth / Latency  (Bank 0): 0.000 GB/s		-nan ns
        -Bandwidth / Latency  (Bank 1): 0.000 GB/s		-nan ns
        -Bandwidth / Latency  (Bank 2): 0.000 GB/s		-nan ns
        -Bandwidth / Latency  (Bank 3): 0.000 GB/s		-nan ns
        -Bandwidth / Latency  (Bank 4): 0.000 GB/s		-nan ns
        -Bandwidth / Latency  (Bank 5): 0.000 GB/s		-nan ns
        -Bandwidth / Latency  (Bank 6): 0.000 GB/s		-nan ns
        -Bandwidth / Latency  (Bank 7): 0.000 GB/s		-nan ns
 == Power Data for Rank        1
   Average Power (watts)     : 0.050
     -Background (watts)     : 0.050
     -Act/Pre    (watts)     : 0.000
     -Burst      (watts)     : 0.000
     -Refresh    (watts)     : 0.000
      -Rank   2 : 
        -Reads  : 0 (0 bytes)
        -Writes : 0 (0 bytes)
        -Bandwidth / Latency  (Bank 0): 0.000 GB/s		-nan ns
        -Bandwidth / Latency  (Bank 1): 0.000 GB/s		-nan ns
        -Bandwidth / Latency  (Bank 2): 0.000 GB/s		-nan ns
        -Bandwidth / Latency  (Bank 3): 0.000 GB/s		-nan ns
        -Bandwidth / Latency  (Bank 4): 0.000 GB/s		-nan ns
        -Bandwidth / Latency  (Bank 5): 0.000 GB/s		-nan ns
        -Bandwidth / Latency  (Bank 6): 0.000 GB/s		-nan ns
        -Bandwidth / Latency  (Bank 7): 0.000 GB/s		-nan ns
 == Power Data for Rank        2
   Average Power (watts)     : 0.050
     -Background (watts)     : 0.050
     -Act/Pre    (watts)     : 0.000
     -Burst      (watts)     : 0.000
     -Refresh    (watts)     : 0.000
      -Rank   3 : 
        -Reads  : 0 (0 bytes)
        -Writes : 0 (0 bytes)
        -Bandwidth / Latency  (Bank 0): 0.000 GB/s		-nan ns
        -Bandwidth / Latency  (Bank 1): 0.000 GB/s		-nan ns
        -Bandwidth / Latency  (Bank 2): 0.000 GB/s		-nan ns
        -Bandwidth / Latency  (Bank 3): 0.000 GB/s		-nan ns
        -Bandwidth / Latency  (Bank 4): 0.000 GB/s		-nan ns
        -Bandwidth / Latency  (Bank 5): 0.000 GB/s		-nan ns
        -Bandwidth / Latency  (Bank 6): 0.000 GB/s		-nan ns
        -Bandwidth / Latency  (Bank 7): 0.000 GB/s		-nan ns
 == Power Data for Rank        3
   Average Power (watts)     : 0.050
     -Background (watts)     : 0.050
     -Act/Pre    (watts)     : 0.000
     -Burst      (watts)     : 0.000
     -Refresh    (watts)     : 0.000
      -Rank   4 : 
        -Reads  : 0 (0 bytes)
        -Writes : 0 (0 bytes)
        -Bandwidth / Latency  (Bank 0): 0.000 GB/s		-nan ns
        -Bandwidth / Latency  (Bank 1): 0.000 GB/s		-nan ns
        -Bandwidth / Latency  (Bank 2): 0.000 GB/s		-nan ns
        -Bandwidth / Latency  (Bank 3): 0.000 GB/s		-nan ns
        -Bandwidth / Latency  (Bank 4): 0.000 GB/s		-nan ns
        -Bandwidth / Latency  (Bank 5): 0.000 GB/s		-nan ns
        -Bandwidth / Latency  (Bank 6): 0.000 GB/s		-nan ns
        -Bandwidth / Latency  (Bank 7): 0.000 GB/s		-nan ns
 == Power Data for Rank        4
   Average Power (watts)     : 0.050
     -Background (watts)     : 0.050
     -Act/Pre    (watts)     : 0.000
     -Burst      (watts)     : 0.000
     -Refresh    (watts)     : 0.000
      -Rank   5 : 
        -Reads  : 0 (0 bytes)
        -Writes : 0 (0 bytes)
        -Bandwidth / Latency  (Bank 0): 0.000 GB/s		-nan ns
        -Bandwidth / Latency  (Bank 1): 0.000 GB/s		-nan ns
        -Bandwidth / Latency  (Bank 2): 0.000 GB/s		-nan ns
        -Bandwidth / Latency  (Bank 3): 0.000 GB/s		-nan ns
        -Bandwidth / Latency  (Bank 4): 0.000 GB/s		-nan ns
        -Bandwidth / Latency  (Bank 5): 0.000 GB/s		-nan ns
        -Bandwidth / Latency  (Bank 6): 0.000 GB/s		-nan ns
        -Bandwidth / Latency  (Bank 7): 0.000 GB/s		-nan ns
 == Power Data for Rank        5
   Average Power (watts)     : 0.050
     -Background (watts)     : 0.050
     -Act/Pre    (watts)     : 0.000
     -Burst      (watts)     : 0.000
     -Refresh    (watts)     : 0.000
      -Rank   6 : 
        -Reads  : 0 (0 bytes)
        -Writes : 0 (0 bytes)
        -Bandwidth / Latency  (Bank 0): 0.000 GB/s		-nan ns
        -Bandwidth / Latency  (Bank 1): 0.000 GB/s		-nan ns
        -Bandwidth / Latency  (Bank 2): 0.000 GB/s		-nan ns
        -Bandwidth / Latency  (Bank 3): 0.000 GB/s		-nan ns
        -Bandwidth / Latency  (Bank 4): 0.000 GB/s		-nan ns
        -Bandwidth / Latency  (Bank 5): 0.000 GB/s		-nan ns
        -Bandwidth / Latency  (Bank 6): 0.000 GB/s		-nan ns
        -Bandwidth / Latency  (Bank 7): 0.000 GB/s		-nan ns
 == Power Data for Rank        6
   Average Power (watts)     : 0.050
     -Background (watts)     : 0.050
     -Act/Pre    (watts)     : 0.000
     -Burst      (watts)     : 0.000
     -Refresh    (watts)     : 0.000
      -Rank   7 : 
        -Reads  : 0 (0 bytes)
        -Writes : 0 (0 bytes)
        -Bandwidth / Latency  (Bank 0): 0.000 GB/s		-nan ns
        -Bandwidth / Latency  (Bank 1): 0.000 GB/s		-nan ns
        -Bandwidth / Latency  (Bank 2): 0.000 GB/s		-nan ns
        -Bandwidth / Latency  (Bank 3): 0.000 GB/s		-nan ns
        -Bandwidth / Latency  (Bank 4): 0.000 GB/s		-nan ns
        -Bandwidth / Latency  (Bank 5): 0.000 GB/s		-nan ns
        -Bandwidth / Latency  (Bank 6): 0.000 GB/s		-nan ns
        -Bandwidth / Latency  (Bank 7): 0.000 GB/s		-nan ns
 == Power Data for Rank        7
   Average Power (watts)     : 0.050
     -Background (watts)     : 0.050
     -Act/Pre    (watts)     : 0.000
     -Burst      (watts)     : 0.000
     -Refresh    (watts)     : 0.000
      -Rank   8 : 
        -Reads  : 0 (0 bytes)
        -Writes : 0 (0 bytes)
        -Bandwidth / Latency  (Bank 0): 0.000 GB/s		-nan ns
        -Bandwidth / Latency  (Bank 1): 0.000 GB/s		-nan ns
        -Bandwidth / Latency  (Bank 2): 0.000 GB/s		-nan ns
        -Bandwidth / Latency  (Bank 3): 0.000 GB/s		-nan ns
        -Bandwidth / Latency  (Bank 4): 0.000 GB/s		-nan ns
        -Bandwidth / Latency  (Bank 5): 0.000 GB/s		-nan ns
        -Bandwidth / Latency  (Bank 6): 0.000 GB/s		-nan ns
        -Bandwidth / Latency  (Bank 7): 0.000 GB/s		-nan ns
 == Power Data for Rank        8
   Average Power (watts)     : 0.050
     -Background (watts)     : 0.050
     -Act/Pre    (watts)     : 0.000
     -Burst      (watts)     : 0.000
     -Refresh    (watts)     : 0.000
      -Rank   9 : 
        -Reads  : 0 (0 bytes)
        -Writes : 0 (0 bytes)
        -Bandwidth / Latency  (Bank 0): 0.000 GB/s		-nan ns
        -Bandwidth / Latency  (Bank 1): 0.000 GB/s		-nan ns
        -Bandwidth / Latency  (Bank 2): 0.000 GB/s		-nan ns
        -Bandwidth / Latency  (Bank 3): 0.000 GB/s		-nan ns
        -Bandwidth / Latency  (Bank 4): 0.000 GB/s		-nan ns
        -Bandwidth / Latency  (Bank 5): 0.000 GB/s		-nan ns
        -Bandwidth / Latency  (Bank 6): 0.000 GB/s		-nan ns
        -Bandwidth / Latency  (Bank 7): 0.000 GB/s		-nan ns
 == Power Data for Rank        9
   Average Power (watts)     : 0.050
     -Background (watts)     : 0.050
     -Act/Pre    (watts)     : 0.000
     -Burst      (watts)     : 0.000
     -Refresh    (watts)     : 0.000
      -Rank   10 : 
        -Reads  : 0 (0 bytes)
        -Writes : 0 (0 bytes)
        -Bandwidth / Latency  (Bank 0): 0.000 GB/s		-nan ns
        -Bandwidth / Latency  (Bank 1): 0.000 GB/s		-nan ns
        -Bandwidth / Latency  (Bank 2): 0.000 GB/s		-nan ns
        -Bandwidth / Latency  (Bank 3): 0.000 GB/s		-nan ns
        -Bandwidth / Latency  (Bank 4): 0.000 GB/s		-nan ns
        -Bandwidth / Latency  (Bank 5): 0.000 GB/s		-nan ns
        -Bandwidth / Latency  (Bank 6): 0.000 GB/s		-nan ns
        -Bandwidth / Latency  (Bank 7): 0.000 GB/s		-nan ns
 == Power Data for Rank        10
   Average Power (watts)     : 0.050
     -Background (watts)     : 0.050
     -Act/Pre    (watts)     : 0.000
     -Burst      (watts)     : 0.000
     -Refresh    (watts)     : 0.000
      -Rank   11 : 
        -Reads  : 0 (0 bytes)
        -Writes : 0 (0 bytes)
        -Bandwidth / Latency  (Bank 0): 0.000 GB/s		-nan ns
        -Bandwidth / Latency  (Bank 1): 0.000 GB/s		-nan ns
        -Bandwidth / Latency  (Bank 2): 0.000 GB/s		-nan ns
        -Bandwidth / Latency  (Bank 3): 0.000 GB/s		-nan ns
        -Bandwidth / Latency  (Bank 4): 0.000 GB/s		-nan ns
        -Bandwidth / Latency  (Bank 5): 0.000 GB/s		-nan ns
        -Bandwidth / Latency  (Bank 6): 0.000 GB/s		-nan ns
        -Bandwidth / Latency  (Bank 7): 0.000 GB/s		-nan ns
 == Power Data for Rank        11
   Average Power (watts)     : 0.050
     -Background (watts)     : 0.050
     -Act/Pre    (watts)     : 0.000
     -Burst      (watts)     : 0.000
     -Refresh    (watts)     : 0.000
      -Rank   12 : 
        -Reads  : 0 (0 bytes)
        -Writes : 0 (0 bytes)
        -Bandwidth / Latency  (Bank 0): 0.000 GB/s		-nan ns
        -Bandwidth / Latency  (Bank 1): 0.000 GB/s		-nan ns
        -Bandwidth / Latency  (Bank 2): 0.000 GB/s		-nan ns
        -Bandwidth / Latency  (Bank 3): 0.000 GB/s		-nan ns
        -Bandwidth / Latency  (Bank 4): 0.000 GB/s		-nan ns
        -Bandwidth / Latency  (Bank 5): 0.000 GB/s		-nan ns
        -Bandwidth / Latency  (Bank 6): 0.000 GB/s		-nan ns
        -Bandwidth / Latency  (Bank 7): 0.000 GB/s		-nan ns
 == Power Data for Rank        12
   Average Power (watts)     : 0.050
     -Background (watts)     : 0.050
     -Act/Pre    (watts)     : 0.000
     -Burst      (watts)     : 0.000
     -Refresh    (watts)     : 0.000
      -Rank   13 : 
        -Reads  : 0 (0 bytes)
        -Writes : 0 (0 bytes)
        -Bandwidth / Latency  (Bank 0): 0.000 GB/s		-nan ns
        -Bandwidth / Latency  (Bank 1): 0.000 GB/s		-nan ns
        -Bandwidth / Latency  (Bank 2): 0.000 GB/s		-nan ns
        -Bandwidth / Latency  (Bank 3): 0.000 GB/s		-nan ns
        -Bandwidth / Latency  (Bank 4): 0.000 GB/s		-nan ns
        -Bandwidth / Latency  (Bank 5): 0.000 GB/s		-nan ns
        -Bandwidth / Latency  (Bank 6): 0.000 GB/s		-nan ns
        -Bandwidth / Latency  (Bank 7): 0.000 GB/s		-nan ns
 == Power Data for Rank        13
   Average Power (watts)     : 0.050
     -Background (watts)     : 0.050
     -Act/Pre    (watts)     : 0.000
     -Burst      (watts)     : 0.000
     -Refresh    (watts)     : 0.000
      -Rank   14 : 
        -Reads  : 0 (0 bytes)
        -Writes : 0 (0 bytes)
        -Bandwidth / Latency  (Bank 0): 0.000 GB/s		-nan ns
        -Bandwidth / Latency  (Bank 1): 0.000 GB/s		-nan ns
        -Bandwidth / Latency  (Bank 2): 0.000 GB/s		-nan ns
        -Bandwidth / Latency  (Bank 3): 0.000 GB/s		-nan ns
        -Bandwidth / Latency  (Bank 4): 0.000 GB/s		-nan ns
        -Bandwidth / Latency  (Bank 5): 0.000 GB/s		-nan ns
        -Bandwidth / Latency  (Bank 6): 0.000 GB/s		-nan ns
        -Bandwidth / Latency  (Bank 7): 0.000 GB/s		-nan ns
 == Power Data for Rank        14
   Average Power (watts)     : 0.050
     -Background (watts)     : 0.050
     -Act/Pre    (watts)     : 0.000
     -Burst      (watts)     : 0.000
     -Refresh    (watts)     : 0.000
      -Rank   15 : 
        -Reads  : 0 (0 bytes)
        -Writes : 0 (0 bytes)
        -Bandwidth / Latency  (Bank 0): 0.000 GB/s		-nan ns
        -Bandwidth / Latency  (Bank 1): 0.000 GB/s		-nan ns
        -Bandwidth / Latency  (Bank 2): 0.000 GB/s		-nan ns
        -Bandwidth / Latency  (Bank 3): 0.000 GB/s		-nan ns
        -Bandwidth / Latency  (Bank 4): 0.000 GB/s		-nan ns
        -Bandwidth / Latency  (Bank 5): 0.000 GB/s		-nan ns
        -Bandwidth / Latency  (Bank 6): 0.000 GB/s		-nan ns
        -Bandwidth / Latency  (Bank 7): 0.000 GB/s		-nan ns
 == Power Data for Rank        15
   Average Power (watts)     : 0.050
     -Background (watts)     : 0.050
     -Act/Pre    (watts)     : 0.000
     -Burst      (watts)     : 0.000
     -Refresh    (watts)     : 0.000
 ---  Latency list (2)
       [lat] : #
       [10-19] : 2
       [30-39] : 2

 == Pending Transactions : 0 (100)==
//// Channel [0] ////
